{
  "RSpec": {
    "coverage": {
      "/Users/silentfish/TC/WIP/greenbutton_ruby/work/pvimpact-greenbutton/lib/pvimpact/greenbutton/version.rb": [
        null,
        null,
        null,
        null,
        1,
        null,
        1,
        null
      ],
      "/Users/silentfish/TC/WIP/greenbutton_ruby/work/pvimpact-greenbutton/lib/pvimpact-greenbutton.rb": [
        null,
        null,
        null,
        null,
        1,
        1,
        1,
        1,
        1,
        1,
        1,
        1,
        1,
        1,
        1,
        1,
        1,
        1,
        1,
        1,
        1,
        1,
        1,
        1,
        null,
        1,
        1,
        1,
        null,
        null,
        1,
        null,
        null,
        1,
        null,
        null,
        1,
        1,
        null,
        null,
        null,
        null,
        null,
        1,
        1,
        1,
        1,
        1,
        0,
        0,
        0,
        null,
        null,
        null,
        null,
        null,
        null,
        null,
        1,
        1,
        1,
        null,
        null,
        null,
        null,
        null,
        null,
        null,
        null,
        null,
        null,
        null,
        null,
        null,
        null,
        null,
        null,
        null,
        null,
        null,
        null,
        null,
        1,
        27,
        25,
        23,
        22,
        21,
        20,
        null,
        19,
        19,
        null,
        19,
        null,
        null,
        null,
        18,
        2,
        2,
        2,
        2,
        null,
        null,
        18,
        18,
        null,
        null,
        17,
        17,
        null,
        17,
        17,
        null,
        1,
        null,
        1,
        1,
        null,
        null,
        17,
        null,
        17,
        17,
        null,
        17,
        17,
        17,
        null,
        17,
        null,
        1,
        1,
        null,
        null,
        null,
        1,
        null,
        null,
        16,
        16,
        16,
        16,
        240,
        null,
        16,
        null,
        16,
        null,
        null,
        null,
        null,
        0,
        0,
        0,
        null,
        null,
        17,
        null,
        null,
        17,
        null,
        null,
        null,
        null,
        null,
        null,
        null,
        null,
        null,
        null,
        null,
        null,
        null,
        null,
        null,
        null,
        1,
        15,
        13,
        12,
        11,
        10,
        null,
        9,
        null,
        9,
        9,
        9,
        9,
        null,
        null,
        null,
        null,
        null,
        null,
        9,
        9,
        null,
        9,
        null,
        9,
        null,
        null,
        null,
        9,
        0,
        0,
        null,
        null,
        null
      ],
      "/Users/silentfish/TC/WIP/greenbutton_ruby/work/pvimpact-greenbutton/lib/pvimpact/greenbutton/validation.rb": [
        null,
        null,
        null,
        null,
        1,
        null,
        1,
        null,
        null,
        null,
        null,
        1,
        191,
        null,
        null,
        null,
        null,
        null,
        null,
        1,
        135,
        135,
        130,
        null,
        null,
        null,
        null,
        null,
        null,
        null,
        1,
        70,
        22,
        22,
        null,
        null,
        null,
        null,
        null,
        null,
        null,
        null,
        1,
        7,
        null,
        null,
        null,
        null,
        null,
        null,
        1,
        25,
        null,
        null,
        null
      ],
      "/Users/silentfish/TC/WIP/greenbutton_ruby/work/pvimpact-greenbutton/lib/pvimpact/greenbutton/model/electricity_power_usage_summary.rb": [
        null,
        null,
        null,
        1,
        null,
        1,
        null,
        1,
        1,
        null,
        null,
        1,
        null,
        null,
        1,
        null,
        null,
        1,
        null,
        null,
        1,
        null,
        null,
        1,
        null,
        null,
        1,
        null,
        null,
        1,
        null,
        null,
        1,
        null,
        null,
        1,
        null,
        null,
        1,
        null,
        null,
        1,
        null,
        null,
        1,
        null,
        null,
        1,
        null,
        null,
        1,
        null,
        null,
        1,
        null,
        null,
        1,
        null,
        null,
        1,
        null,
        null
      ],
      "/Users/silentfish/TC/WIP/greenbutton_ruby/work/pvimpact-greenbutton/lib/pvimpact/greenbutton/model/interval_block.rb": [
        null,
        null,
        null,
        1,
        null,
        1,
        null,
        1,
        1,
        null,
        null,
        1,
        null,
        null,
        1,
        null,
        null,
        1,
        null,
        null,
        1,
        null,
        null,
        1,
        null,
        null,
        1,
        null,
        null
      ],
      "/Users/silentfish/TC/WIP/greenbutton_ruby/work/pvimpact-greenbutton/lib/pvimpact/greenbutton/model/interval_reading.rb": [
        null,
        null,
        null,
        1,
        null,
        1,
        null,
        1,
        1,
        null,
        null,
        1,
        null,
        null,
        1,
        null,
        null,
        1,
        null,
        null,
        1,
        null,
        null,
        1,
        null,
        null,
        1,
        null,
        null,
        1,
        null,
        null,
        1,
        null,
        null
      ],
      "/Users/silentfish/TC/WIP/greenbutton_ruby/work/pvimpact-greenbutton/lib/pvimpact/greenbutton/model/local_time_parameters.rb": [
        null,
        null,
        null,
        null,
        1,
        null,
        1,
        1,
        null,
        null,
        1,
        null,
        null,
        1,
        null,
        null,
        1,
        null,
        null,
        1,
        null,
        null,
        1,
        null,
        null,
        1,
        null,
        null
      ],
      "/Users/silentfish/TC/WIP/greenbutton_ruby/work/pvimpact-greenbutton/lib/pvimpact/greenbutton/model/meter_reading.rb": [
        null,
        null,
        null,
        null,
        1,
        null,
        1,
        1,
        null,
        null,
        1,
        null,
        null,
        1,
        null,
        null,
        1,
        null,
        null,
        1,
        null,
        null
      ],
      "/Users/silentfish/TC/WIP/greenbutton_ruby/work/pvimpact-greenbutton/lib/pvimpact/greenbutton/model/meter_reading_type.rb": [
        null,
        null,
        null,
        null,
        1,
        null,
        1,
        1,
        null,
        null,
        1,
        null,
        null,
        1,
        null,
        null,
        1,
        null,
        null,
        1,
        null,
        null,
        1,
        null,
        null,
        1,
        null,
        null,
        1,
        null,
        null,
        1,
        null,
        null,
        1,
        null,
        null,
        1,
        null,
        null,
        1,
        null,
        null,
        1,
        null,
        null,
        1,
        null,
        null,
        1,
        null,
        null
      ],
      "/Users/silentfish/TC/WIP/greenbutton_ruby/work/pvimpact-greenbutton/lib/pvimpact/greenbutton/model/usage_point.rb": [
        null,
        null,
        null,
        null,
        1,
        null,
        1,
        1,
        null,
        null,
        1,
        null,
        null,
        1,
        null,
        null,
        1,
        null,
        null,
        1,
        null,
        null,
        1,
        null,
        null,
        1,
        null,
        null
      ],
      "/Users/silentfish/TC/WIP/greenbutton_ruby/work/pvimpact-greenbutton/lib/pvimpact/greenbutton/model/aggregation_type.rb": [
        null,
        null,
        null,
        1,
        null,
        1,
        null,
        1,
        1,
        null,
        null,
        1,
        null,
        null,
        1,
        null,
        null,
        1,
        null,
        null,
        1,
        null,
        null,
        1,
        null,
        null
      ],
      "/Users/silentfish/TC/WIP/greenbutton_ruby/work/pvimpact-greenbutton/lib/pvimpact/greenbutton/errors.rb": [
        null,
        null,
        null,
        null,
        1,
        null,
        1,
        null,
        null,
        1,
        null,
        null,
        1,
        null,
        null,
        1,
        null,
        null,
        1,
        null
      ],
      "/Users/silentfish/TC/WIP/greenbutton_ruby/work/pvimpact-greenbutton/lib/pvimpact/greenbutton/parser.rb": [
        null,
        null,
        null,
        null,
        1,
        null,
        1,
        null,
        1,
        1,
        null,
        null,
        1,
        null,
        null,
        1,
        null,
        null,
        null,
        null,
        null,
        null,
        null,
        1,
        1,
        435,
        435,
        12715,
        12715,
        null,
        null,
        null,
        null,
        null,
        12715,
        null,
        null,
        null,
        435,
        null,
        null,
        null,
        1,
        null,
        null,
        null,
        null,
        null,
        null,
        null,
        null,
        null,
        1,
        35,
        33,
        31,
        null,
        31,
        null,
        31,
        null,
        null,
        31,
        31,
        29,
        29,
        null,
        null,
        null,
        null,
        null,
        null,
        null,
        null,
        29,
        null,
        null,
        null,
        null,
        null,
        null,
        null,
        null,
        null,
        null,
        null,
        null,
        29,
        29,
        null,
        null,
        null,
        null,
        null,
        null,
        null,
        null,
        null,
        null,
        null,
        null,
        null,
        null,
        null,
        null,
        null,
        null,
        null,
        null,
        null,
        null,
        null,
        null,
        null,
        null,
        null,
        null,
        29,
        433,
        null,
        null,
        null,
        null,
        null,
        null,
        null,
        null,
        null,
        null,
        null,
        433,
        null,
        null,
        null,
        29,
        28,
        null,
        null,
        null,
        null,
        null,
        null,
        null,
        null,
        null,
        null,
        null,
        null,
        null,
        null,
        null,
        null,
        null,
        null,
        null,
        null,
        null,
        null,
        null,
        null,
        29,
        null,
        null,
        31,
        null,
        2,
        2,
        2,
        2,
        null,
        null,
        null,
        null,
        null,
        null,
        null,
        null,
        null,
        2,
        null,
        null,
        0,
        0,
        null,
        0,
        0,
        null,
        null,
        null,
        null
      ],
      "/Users/silentfish/TC/WIP/greenbutton_ruby/work/pvimpact-greenbutton/lib/pvimpact/greenbutton/aggregator.rb": [
        null,
        null,
        null,
        null,
        1,
        null,
        null,
        1,
        1,
        null,
        null,
        null,
        null,
        null,
        null,
        null,
        null,
        null,
        null,
        1,
        34,
        33,
        null,
        null,
        32,
        null,
        null,
        10,
        null,
        10,
        null,
        10,
        null,
        null,
        null,
        10,
        null,
        136,
        null,
        4020,
        4020,
        4020,
        null,
        null,
        null,
        null,
        10,
        null,
        7,
        null,
        7,
        7,
        null,
        4,
        46,
        46,
        null,
        46,
        1356,
        1356,
        1356,
        1356,
        null,
        127968,
        null,
        null,
        null,
        null,
        null,
        null,
        null,
        null,
        null,
        127968,
        127968,
        null,
        null,
        1356,
        null,
        null,
        null,
        null,
        null,
        null,
        0,
        null,
        null,
        1356,
        null,
        null,
        null,
        null,
        null,
        3,
        45,
        45,
        45,
        45,
        45,
        45,
        null,
        null,
        45,
        1332,
        null,
        1332,
        null,
        24,
        24,
        24,
        24,
        null,
        null,
        null,
        null,
        null,
        null,
        null,
        null,
        null,
        null,
        24,
        null,
        null,
        24,
        24,
        24,
        24,
        null,
        null,
        1308,
        1308,
        1308,
        null,
        null,
        null,
        null,
        null,
        null,
        null,
        null,
        null,
        null,
        21,
        null,
        45,
        null,
        null,
        null,
        0,
        0,
        null,
        null,
        10,
        null,
        null,
        null
      ],
      "/Users/silentfish/TC/WIP/greenbutton_ruby/work/pvimpact-greenbutton/spec/pvimpact/greenbutton/aggregator_spec.rb": [
        null,
        null,
        null,
        1,
        null,
        null,
        1,
        null,
        1,
        9,
        9,
        9,
        9,
        null,
        null,
        null,
        1,
        1,
        2,
        null,
        null,
        null,
        null,
        1,
        1,
        2,
        null,
        null,
        null,
        null,
        1,
        1,
        1,
        null,
        1,
        1,
        1,
        1,
        1,
        1,
        1,
        1,
        1,
        1,
        null,
        1,
        1,
        15,
        15,
        444,
        444,
        444,
        444,
        null,
        null,
        null,
        null,
        null,
        null,
        1,
        1,
        1,
        null,
        1,
        1,
        1,
        1,
        1,
        1,
        1,
        1,
        1,
        1,
        null,
        1,
        1,
        15,
        15,
        444,
        444,
        444,
        444,
        null,
        null,
        null,
        null,
        null,
        null,
        1,
        1,
        1,
        null,
        1,
        1,
        1,
        1,
        1,
        1,
        1,
        1,
        1,
        1,
        null,
        1,
        1,
        15,
        15,
        444,
        444,
        444,
        444,
        null,
        null,
        null,
        null,
        null,
        null,
        null,
        1,
        1,
        1,
        null,
        1,
        1,
        1,
        1,
        1,
        1,
        1,
        1,
        1,
        1,
        null,
        1,
        1,
        15,
        15,
        444,
        444,
        444,
        444,
        null,
        null,
        null,
        null,
        null,
        null,
        null,
        1,
        1,
        1,
        null,
        1,
        1,
        1,
        1,
        1,
        1,
        1,
        1,
        1,
        1,
        null,
        1,
        15,
        15,
        15,
        15,
        15,
        15,
        null,
        null,
        null,
        null,
        null,
        null,
        1,
        1,
        1,
        null,
        1,
        1,
        1,
        1,
        1,
        1,
        1,
        1,
        1,
        1,
        null,
        1,
        1,
        15,
        15,
        42624,
        42624,
        42624,
        42624,
        null,
        null,
        null,
        null,
        null,
        null,
        1,
        1,
        1,
        1,
        1,
        null,
        1,
        1,
        1,
        1,
        1,
        1,
        1,
        1,
        1,
        1,
        null,
        1,
        1,
        null,
        null,
        null,
        null,
        null,
        null,
        null,
        null,
        null,
        null,
        1,
        null,
        null,
        null,
        null,
        null,
        null,
        null,
        null,
        1,
        24,
        24,
        24,
        24,
        24,
        null,
        null,
        null,
        null
      ],
      "/Users/silentfish/TC/WIP/greenbutton_ruby/work/pvimpact-greenbutton/spec/pvimpact/greenbutton/parser_spec.rb": [
        null,
        null,
        null,
        1,
        null,
        null,
        1,
        null,
        1,
        8,
        null,
        null,
        null,
        1,
        1,
        1,
        1,
        null,
        1,
        1,
        1,
        1,
        1,
        1,
        1,
        1,
        1,
        1,
        1,
        1,
        null,
        1,
        1,
        15,
        15,
        444,
        444,
        444,
        444,
        null,
        null,
        null,
        null,
        null,
        null,
        1,
        1,
        1,
        1,
        null,
        1,
        1,
        1,
        1,
        1,
        1,
        1,
        1,
        1,
        1,
        1,
        1,
        null,
        1,
        1,
        12,
        12,
        365,
        365,
        365,
        365,
        null,
        null,
        null,
        null,
        null,
        null,
        1,
        1,
        1,
        1,
        null,
        1,
        1,
        1,
        1,
        1,
        1,
        1,
        1,
        1,
        1,
        1,
        1,
        null,
        null,
        1,
        30,
        30,
        720,
        720,
        720,
        720,
        null,
        null,
        null,
        null,
        null,
        null,
        1,
        1,
        1,
        1,
        1,
        null,
        null,
        null,
        null,
        1,
        1,
        2,
        null,
        null,
        null,
        null,
        1,
        1,
        2,
        null,
        null,
        null,
        null,
        1,
        1,
        2,
        null,
        null,
        null,
        null,
        1,
        1,
        2,
        null,
        null,
        null
      ]
    },
    "timestamp": 1428380141
  }
}
